2023-08-06 00:26:16.514309 - Initialized conversion of CBT024
2023-08-06 00:26:16.851961 - Received CBT.V505.FILE024.PDS from FILE024.XMI 
2023-08-06 00:26:16.854124 - Found $$$#DATE.txt (text/plain) in CBT.V505.FILE024.PDS, moved to PDS/$$$#DATE
2023-08-06 00:26:16.855435 - Found $$DOC.txt (text/plain) in CBT.V505.FILE024.PDS, moved to PDS/$$DOC
2023-08-06 00:26:16.856435 - Found @FILE024.txt (text/plain) in CBT.V505.FILE024.PDS, moved to PDS/@FILE024
2023-08-06 00:26:16.857313 - Found APUT.txt (text/plain) in CBT.V505.FILE024.PDS, moved to PDS/APUT
2023-08-06 00:26:16.858183 - Found BXFER.txt (text/plain) in CBT.V505.FILE024.PDS, moved to PDS/BXFER
2023-08-06 00:26:16.859222 - Found CALL#.txt (text/plain) in CBT.V505.FILE024.PDS, moved to PDS/CALL#
2023-08-06 00:26:16.860076 - Found CPPL.txt (text/plain) in CBT.V505.FILE024.PDS, moved to PDS/CPPL
2023-08-06 00:26:16.860875 - Found CSPL.txt (text/plain) in CBT.V505.FILE024.PDS, moved to PDS/CSPL
2023-08-06 00:26:16.861841 - Found DATA#.txt (text/plain) in CBT.V505.FILE024.PDS, moved to PDS/DATA#
2023-08-06 00:26:16.862771 - Found DO.txt (text/plain) in CBT.V505.FILE024.PDS, moved to PDS/DO
2023-08-06 00:26:16.863661 - Found DOWHILE.txt (text/plain) in CBT.V505.FILE024.PDS, moved to PDS/DOWHILE
2023-08-06 00:26:16.864502 - Found DOWHLOR.txt (text/plain) in CBT.V505.FILE024.PDS, moved to PDS/DOWHLOR
2023-08-06 00:26:16.865341 - Found ELSE.txt (text/plain) in CBT.V505.FILE024.PDS, moved to PDS/ELSE
2023-08-06 00:26:16.866478 - Found END#.txt (text/plain) in CBT.V505.FILE024.PDS, moved to PDS/END#
2023-08-06 00:26:16.867447 - Found ENDDATA#.txt (text/plain) in CBT.V505.FILE024.PDS, moved to PDS/ENDDATA#
2023-08-06 00:26:16.868424 - Found ENDDO.txt (text/plain) in CBT.V505.FILE024.PDS, moved to PDS/ENDDO
2023-08-06 00:26:16.869327 - Found ENDIF.txt (text/plain) in CBT.V505.FILE024.PDS, moved to PDS/ENDIF
2023-08-06 00:26:16.870360 - Found ENTRE#.txt (text/plain) in CBT.V505.FILE024.PDS, moved to PDS/ENTRE#
2023-08-06 00:26:16.871256 - Found EOJ.txt (text/plain) in CBT.V505.FILE024.PDS, moved to PDS/EOJ
2023-08-06 00:26:16.872302 - Found EPUTL.txt (text/plain) in CBT.V505.FILE024.PDS, moved to PDS/EPUTL
2023-08-06 00:26:16.873257 - Found EXFER.txt (text/plain) in CBT.V505.FILE024.PDS, moved to PDS/EXFER
2023-08-06 00:26:16.874206 - Found EXIT#.txt (text/plain) in CBT.V505.FILE024.PDS, moved to PDS/EXIT#
2023-08-06 00:26:16.875177 - Found GENC.txt (text/plain) in CBT.V505.FILE024.PDS, moved to PDS/GENC
2023-08-06 00:26:16.876068 - Found IEXIT#.txt (text/plain) in CBT.V505.FILE024.PDS, moved to PDS/IEXIT#
2023-08-06 00:26:16.876957 - Found IF.txt (text/plain) in CBT.V505.FILE024.PDS, moved to PDS/IF
2023-08-06 00:26:16.877896 - Found IFOR.txt (text/plain) in CBT.V505.FILE024.PDS, moved to PDS/IFOR
2023-08-06 00:26:16.878894 - Found INIT#.txt (text/plain) in CBT.V505.FILE024.PDS, moved to PDS/INIT#
2023-08-06 00:26:16.879807 - Found INUSE.txt (text/plain) in CBT.V505.FILE024.PDS, moved to PDS/INUSE
2023-08-06 00:26:16.880723 - Found IOPL.txt (text/plain) in CBT.V505.FILE024.PDS, moved to PDS/IOPL
2023-08-06 00:26:16.881696 - Found JULDATE.txt (text/plain) in CBT.V505.FILE024.PDS, moved to PDS/JULDATE
2023-08-06 00:26:16.882611 - Found LDROP.txt (text/plain) in CBT.V505.FILE024.PDS, moved to PDS/LDROP
2023-08-06 00:26:16.883484 - Found LUSE.txt (text/plain) in CBT.V505.FILE024.PDS, moved to PDS/LUSE
2023-08-06 00:26:16.884358 - Found MAKEDAY.txt (text/plain) in CBT.V505.FILE024.PDS, moved to PDS/MAKEDAY
2023-08-06 00:26:16.885229 - Found REGS.txt (text/plain) in CBT.V505.FILE024.PDS, moved to PDS/REGS
2023-08-06 00:26:16.886158 - Found SEQCK.txt (text/plain) in CBT.V505.FILE024.PDS, moved to PDS/SEQCK
2023-08-06 00:26:16.887069 - Found SETREG.txt (text/plain) in CBT.V505.FILE024.PDS, moved to PDS/SETREG
2023-08-06 00:26:16.888039 - Found SMFID.txt (text/plain) in CBT.V505.FILE024.PDS, moved to PDS/SMFID
2023-08-06 00:26:16.888967 - Found SS#XFER.txt (text/plain) in CBT.V505.FILE024.PDS, moved to PDS/SS#XFER
2023-08-06 00:26:16.889936 - Found SS#XFR00.txt (text/plain) in CBT.V505.FILE024.PDS, moved to PDS/SS#XFR00
2023-08-06 00:26:16.890849 - Found SSXFR00.txt (text/plain) in CBT.V505.FILE024.PDS, moved to PDS/SSXFR00
2023-08-06 00:26:16.891820 - Found TSOENTER.txt (text/plain) in CBT.V505.FILE024.PDS, moved to PDS/TSOENTER
2023-08-06 00:26:16.892627 - Found TSOLEAVE.txt (text/plain) in CBT.V505.FILE024.PDS, moved to PDS/TSOLEAVE
2023-08-06 00:26:16.893519 - Found UNTIL.txt (text/plain) in CBT.V505.FILE024.PDS, moved to PDS/UNTIL
2023-08-06 00:26:16.894418 - Found UNTILOR.txt (text/plain) in CBT.V505.FILE024.PDS, moved to PDS/UNTILOR
2023-08-06 00:26:16.895297 - Found XABSM.txt (text/plain) in CBT.V505.FILE024.PDS, moved to PDS/XABSM
2023-08-06 00:26:16.896146 - Found XFERCPU.txt (text/plain) in CBT.V505.FILE024.PDS, moved to PDS/XFERCPU
2023-08-06 00:26:16.897257 - Found XFERDOC.txt (text/plain) in CBT.V505.FILE024.PDS, moved to PDS/XFERDOC
2023-08-06 00:26:16.898233 - Found XFERINST.txt (text/plain) in CBT.V505.FILE024.PDS, moved to PDS/XFERINST
2023-08-06 00:26:16.899380 - Found XFERJOB.jcl (text/plain) in CBT.V505.FILE024.PDS, moved to PDS/XFERJOB
2023-08-06 00:26:16.900476 - Found XFERUTIL.txt (text/plain) in CBT.V505.FILE024.PDS, moved to PDS/XFERUTIL
2023-08-06 00:26:16.901456 - Found XFERVOL.txt (text/plain) in CBT.V505.FILE024.PDS, moved to PDS/XFERVOL
2023-08-06 00:26:16.902376 - Found XFERWTO.txt (text/plain) in CBT.V505.FILE024.PDS, moved to PDS/XFERWTO
2023-08-06 00:26:16.903216 - Found XFER1.txt (text/plain) in CBT.V505.FILE024.PDS, moved to PDS/XFER1
2023-08-06 00:26:16.904097 - Found XFER2.txt (text/plain) in CBT.V505.FILE024.PDS, moved to PDS/XFER2
2023-08-06 00:26:16.905010 - Found XFR1DUMP.txt (text/plain) in CBT.V505.FILE024.PDS, moved to PDS/XFR1DUMP
2023-08-06 00:26:16.905910 - Found XFR2DUMP.txt (text/plain) in CBT.V505.FILE024.PDS, moved to PDS/XFR2DUMP
2023-08-06 00:26:16.906755 - Found XIX.txt (text/plain) in CBT.V505.FILE024.PDS, moved to PDS/XIX
2023-08-06 00:26:16.907562 - Found XIXHELP.txt (text/plain) in CBT.V505.FILE024.PDS, moved to PDS/XIXHELP
